<?xml version="1.0" encoding="UTF-8"?>
<!-- Generated by org.testng.reporters.JUnitReportReporter -->
<testsuite hostname="DESKTOP-HH8MK3H" name="firstjenkinsbuild.FirstTestFrmJenkins" tests="1" failures="0" timestamp="3 May 2017 14:44:23 GMT" time="0.016" errors="0">
  <testcase name="helloJenkins" time="0.016" classname="firstjenkinsbuild.FirstTestFrmJenkins"/>
</testsuite>
