<?xml version="1.0" encoding="UTF-8"?>
<!-- Generated by org.testng.reporters.JUnitReportReporter -->
<testsuite hostname="DESKTOP-HH8MK3H" name="firstjenkinsbuild.FirstTestFrmJenkins" tests="1" failures="0" timestamp="2 May 2017 19:29:43 GMT" time="0.015" errors="0">
  <testcase name="helloJenkins" time="0.015" classname="firstjenkinsbuild.FirstTestFrmJenkins"/>
</testsuite>
